<?xml version="1.0" encoding="UTF-8"?>
<!-- Generated by org.testng.reporters.JUnitReportReporter -->
<testsuite hostname="LokeshPC-PC" name="com.Tecksystem.country.Testcases.GetlargestCountryandCityname" tests="1" failures="0" timestamp="14 Feb 2018 16:06:39 GMT" time="8.080" errors="0">
  <testcase name="getlargestcountry" time="8.080" classname="com.Tecksystem.country.Testcases.GetlargestCountryandCityname"/>
</testsuite> <!-- com.Tecksystem.country.Testcases.GetlargestCountryandCityname -->
