<?xml version="1.0" encoding="UTF-8"?>
<!-- Generated by org.testng.reporters.JUnitReportReporter -->
<testsuite skipped="0" hostname="LokeshPC-PC" name="com.Tecksystem.country.Testcases.FilloApiTestExcel" tests="1" failures="0" timestamp="19 Feb 2018 18:42:42 GMT" time="0.833" errors="0">
  <testcase name="FilloTest" time="0.833" classname="com.Tecksystem.country.Testcases.FilloApiTestExcel"/>
</testsuite> <!-- com.Tecksystem.country.Testcases.FilloApiTestExcel -->
